2024-09-03 15:44:35,559 - train - INFO - Model ResNet18 created, param count:11220132
2024-09-03 15:44:36,325 - train - INFO - Using native Torch AMP. Training in mixed precision.
2024-09-03 15:44:36,326 - train - INFO - Scheduled epochs: 310
2024-09-03 15:44:39,465 - train - INFO - Test: [   0/9]  Time: 1.594 (1.594)  Loss:  1.0938 (1.0938)  Acc@1: 78.8086 (78.8086)  Acc@5: 93.8477 (93.8477)
2024-09-03 15:44:41,389 - train - INFO - Test: [   9/9]  Time: 0.636 (0.352)  Loss:  1.0303 (1.0582)  Acc@1: 80.3571 (78.7200)  Acc@5: 93.8775 (94.3900)
2024-09-03 15:44:41,390 - train - INFO - Verifying teacher model
2024-09-03 15:44:41,742 - train - INFO - Test: [   0/9]  Time: 0.351 (0.351)  Loss:  1.0938 (1.0938)  Acc@1: 78.8086 (78.8086)  Acc@5: 93.8477 (93.8477)
2024-09-03 15:44:42,062 - train - INFO - Test: [   9/9]  Time: 0.022 (0.067)  Loss:  1.0303 (1.0582)  Acc@1: 80.3571 (78.7100)  Acc@5: 93.8775 (94.3900)
2024-09-03 15:44:42,062 - train - INFO - Verifying initial model in training dataset
2024-09-03 15:45:10,557 - train - INFO - len loader.dataset:50000
2024-09-03 15:45:11,203 - train - INFO - target_block_size:3
2024-09-03 15:45:11,721 - train - INFO - sensitivity_w2a2:2144.181884765625
2024-09-03 15:45:11,754 - train - INFO - sensitivity_w2a3:1708.916259765625
2024-09-03 15:45:11,786 - train - INFO - sensitivity_w2a4:1625.05126953125
2024-09-03 15:45:11,819 - train - INFO - sensitivity_w2a5:1370.967529296875
2024-09-03 15:45:11,852 - train - INFO - sensitivity_w2a6:1373.1251220703125
2024-09-03 15:45:11,882 - train - INFO - sensitivity_w3a2:1245.0947265625
2024-09-03 15:45:11,912 - train - INFO - sensitivity_w3a3:781.9154663085938
2024-09-03 15:45:11,942 - train - INFO - sensitivity_w3a4:700.0972900390625
2024-09-03 15:45:11,972 - train - INFO - sensitivity_w3a5:456.66851806640625
2024-09-03 15:45:12,002 - train - INFO - sensitivity_w3a6:444.3436279296875
2024-09-03 15:45:12,032 - train - INFO - sensitivity_w4a2:1005.0753173828125
2024-09-03 15:45:12,061 - train - INFO - sensitivity_w4a3:563.788330078125
2024-09-03 15:45:12,091 - train - INFO - sensitivity_w4a4:422.6583557128906
2024-09-03 15:45:12,121 - train - INFO - sensitivity_w4a5:167.6681365966797
2024-09-03 15:45:12,151 - train - INFO - sensitivity_w4a6:152.89215087890625
2024-09-03 15:45:12,152 - train - INFO - latency_accumulation_b6:42.17000198364258
2024-09-03 15:45:12,153 - train - INFO - latency_accumulation_b7:42.17000198364258
2024-09-03 15:45:12,154 - train - INFO - latency_accumulation_b8:42.17000198364258
2024-09-03 15:45:12,155 - train - INFO - latency_accumulation_b9:54.560001373291016
2024-09-03 15:45:12,157 - train - INFO - latency_accumulation_b10:54.560001373291016
2024-09-03 15:45:12,158 - train - INFO - latency_accumulation_b11:54.56000518798828
2024-09-03 15:45:12,159 - train - INFO - latency_accumulation_b12:54.56000518798828
2024-09-03 15:45:12,161 - train - INFO - latency_accumulation_b13:54.56000518798828
2024-09-03 15:45:12,162 - train - INFO - latency_accumulation_b14:81.84000396728516
2024-09-03 15:45:12,163 - train - INFO - latency_accumulation_b15:81.84000396728516
2024-09-03 15:45:12,165 - train - INFO - latency_accumulation_b16:81.84000396728516
2024-09-03 15:45:12,166 - train - INFO - latency_accumulation_b17:81.84000396728516
2024-09-03 15:45:12,167 - train - INFO - latency_accumulation_b18:130.010009765625
2024-09-03 15:45:12,168 - train - INFO - latency_accumulation_b19:130.010009765625
2024-09-03 15:45:12,168 - train - INFO - latency_accumulation_b20:130.010009765625
2024-09-03 15:45:12,169 - train - INFO - latency_accumulation_b21:130.010009765625
2024-09-03 15:45:12,170 - train - INFO - latency_accumulation_b22:130.010009765625
2024-09-03 15:45:12,171 - train - INFO - latency_accumulation_b23:130.010009765625
2024-09-03 15:45:12,172 - train - INFO - latency_accumulation_b24:130.010009765625
2024-09-03 15:45:12,173 - train - INFO - latency_accumulation_b25:130.010009765625
2024-09-03 15:45:12,174 - train - INFO - latency_accumulation_b26:130.010009765625
2024-09-03 15:45:12,205 - train - INFO - sensitivity_w2a2:989.7589111328125
2024-09-03 15:45:12,235 - train - INFO - sensitivity_w2a3:602.9293212890625
2024-09-03 15:45:12,265 - train - INFO - sensitivity_w2a4:553.752197265625
2024-09-03 15:45:12,295 - train - INFO - sensitivity_w2a5:543.16552734375
2024-09-03 15:45:12,324 - train - INFO - sensitivity_w2a6:545.0781860351562
2024-09-03 15:45:12,354 - train - INFO - sensitivity_w3a2:614.057373046875
2024-09-03 15:45:12,384 - train - INFO - sensitivity_w3a3:233.19558715820312
2024-09-03 15:45:12,414 - train - INFO - sensitivity_w3a4:189.76083374023438
2024-09-03 15:45:12,443 - train - INFO - sensitivity_w3a5:153.3349609375
2024-09-03 15:45:12,473 - train - INFO - sensitivity_w3a6:148.92564392089844
2024-09-03 15:45:12,502 - train - INFO - sensitivity_w4a2:538.0013427734375
2024-09-03 15:45:12,532 - train - INFO - sensitivity_w4a3:148.58758544921875
2024-09-03 15:45:12,562 - train - INFO - sensitivity_w4a4:101.7973403930664
2024-09-03 15:45:12,591 - train - INFO - sensitivity_w4a5:65.34944152832031
2024-09-03 15:45:12,621 - train - INFO - sensitivity_w4a6:57.90182113647461
2024-09-03 15:45:12,622 - train - INFO - latency_accumulation_b6:42.17000198364258
2024-09-03 15:45:12,623 - train - INFO - latency_accumulation_b7:42.17000198364258
2024-09-03 15:45:12,624 - train - INFO - latency_accumulation_b8:42.17000198364258
2024-09-03 15:45:12,626 - train - INFO - latency_accumulation_b9:54.560001373291016
2024-09-03 15:45:12,627 - train - INFO - latency_accumulation_b10:54.560001373291016
2024-09-03 15:45:12,628 - train - INFO - latency_accumulation_b11:54.56000518798828
2024-09-03 15:45:12,629 - train - INFO - latency_accumulation_b12:54.56000518798828
2024-09-03 15:45:12,631 - train - INFO - latency_accumulation_b13:54.56000518798828
2024-09-03 15:45:12,632 - train - INFO - latency_accumulation_b14:81.84000396728516
2024-09-03 15:45:12,633 - train - INFO - latency_accumulation_b15:81.84000396728516
2024-09-03 15:45:12,635 - train - INFO - latency_accumulation_b16:81.84000396728516
2024-09-03 15:45:12,636 - train - INFO - latency_accumulation_b17:81.84000396728516
2024-09-03 15:45:12,637 - train - INFO - latency_accumulation_b18:130.010009765625
2024-09-03 15:45:12,638 - train - INFO - latency_accumulation_b19:130.010009765625
2024-09-03 15:45:12,639 - train - INFO - latency_accumulation_b20:130.010009765625
2024-09-03 15:45:12,640 - train - INFO - latency_accumulation_b21:130.010009765625
2024-09-03 15:45:12,641 - train - INFO - latency_accumulation_b22:130.010009765625
2024-09-03 15:45:12,642 - train - INFO - latency_accumulation_b23:130.010009765625
2024-09-03 15:45:12,642 - train - INFO - latency_accumulation_b24:130.010009765625
2024-09-03 15:45:12,643 - train - INFO - latency_accumulation_b25:130.010009765625
2024-09-03 15:45:12,644 - train - INFO - latency_accumulation_b26:130.010009765625
2024-09-03 15:45:12,676 - train - INFO - sensitivity_w2a2:687.4210205078125
2024-09-03 15:45:12,706 - train - INFO - sensitivity_w2a3:443.4130859375
2024-09-03 15:45:12,736 - train - INFO - sensitivity_w2a4:393.1304016113281
2024-09-03 15:45:12,766 - train - INFO - sensitivity_w2a5:373.5892333984375
2024-09-03 15:45:12,796 - train - INFO - sensitivity_w2a6:362.93975830078125
2024-09-03 15:45:12,826 - train - INFO - sensitivity_w3a2:420.10064697265625
2024-09-03 15:45:12,855 - train - INFO - sensitivity_w3a3:158.7288818359375
2024-09-03 15:45:12,885 - train - INFO - sensitivity_w3a4:125.09930419921875
2024-09-03 15:45:12,915 - train - INFO - sensitivity_w3a5:116.80158233642578
2024-09-03 15:45:12,944 - train - INFO - sensitivity_w3a6:109.58638000488281
2024-09-03 15:45:12,974 - train - INFO - sensitivity_w4a2:347.71160888671875
2024-09-03 15:45:13,004 - train - INFO - sensitivity_w4a3:96.69532012939453
2024-09-03 15:45:13,033 - train - INFO - sensitivity_w4a4:62.25752258300781
2024-09-03 15:45:13,063 - train - INFO - sensitivity_w4a5:47.728614807128906
2024-09-03 15:45:13,093 - train - INFO - sensitivity_w4a6:41.01145935058594
2024-09-03 15:45:13,094 - train - INFO - latency_accumulation_b6:42.17000198364258
2024-09-03 15:45:13,095 - train - INFO - latency_accumulation_b7:42.17000198364258
2024-09-03 15:45:13,096 - train - INFO - latency_accumulation_b8:42.17000198364258
2024-09-03 15:45:13,098 - train - INFO - latency_accumulation_b9:54.560001373291016
2024-09-03 15:45:13,099 - train - INFO - latency_accumulation_b10:54.560001373291016
2024-09-03 15:45:13,100 - train - INFO - latency_accumulation_b11:54.56000518798828
2024-09-03 15:45:13,102 - train - INFO - latency_accumulation_b12:54.56000518798828
2024-09-03 15:45:13,103 - train - INFO - latency_accumulation_b13:54.56000518798828
2024-09-03 15:45:13,104 - train - INFO - latency_accumulation_b14:81.84000396728516
2024-09-03 15:45:13,106 - train - INFO - latency_accumulation_b15:81.84000396728516
2024-09-03 15:45:13,107 - train - INFO - latency_accumulation_b16:81.84000396728516
2024-09-03 15:45:13,108 - train - INFO - latency_accumulation_b17:81.84000396728516
2024-09-03 15:45:13,109 - train - INFO - latency_accumulation_b18:130.010009765625
2024-09-03 15:45:13,110 - train - INFO - latency_accumulation_b19:130.010009765625
2024-09-03 15:45:13,111 - train - INFO - latency_accumulation_b20:130.010009765625
2024-09-03 15:45:13,112 - train - INFO - latency_accumulation_b21:130.010009765625
2024-09-03 15:45:13,112 - train - INFO - latency_accumulation_b22:130.010009765625
2024-09-03 15:45:13,113 - train - INFO - latency_accumulation_b23:130.010009765625
2024-09-03 15:45:13,114 - train - INFO - latency_accumulation_b24:130.010009765625
2024-09-03 15:45:13,115 - train - INFO - latency_accumulation_b25:130.010009765625
2024-09-03 15:45:13,116 - train - INFO - latency_accumulation_b26:130.010009765625
2024-09-03 15:45:13,148 - train - INFO - sensitivity_w2a2:264.7447204589844
2024-09-03 15:45:13,178 - train - INFO - sensitivity_w2a3:228.93800354003906
2024-09-03 15:45:13,207 - train - INFO - sensitivity_w2a4:168.64541625976562
2024-09-03 15:45:13,237 - train - INFO - sensitivity_w2a5:163.74009704589844
2024-09-03 15:45:13,267 - train - INFO - sensitivity_w2a6:160.68148803710938
2024-09-03 15:45:13,296 - train - INFO - sensitivity_w3a2:156.56814575195312
2024-09-03 15:45:13,326 - train - INFO - sensitivity_w3a3:122.42543029785156
2024-09-03 15:45:13,356 - train - INFO - sensitivity_w3a4:57.10401153564453
2024-09-03 15:45:13,386 - train - INFO - sensitivity_w3a5:55.79154968261719
2024-09-03 15:45:13,415 - train - INFO - sensitivity_w3a6:50.532264709472656
2024-09-03 15:45:13,445 - train - INFO - sensitivity_w4a2:127.47740173339844
2024-09-03 15:45:13,475 - train - INFO - sensitivity_w4a3:89.36077880859375
2024-09-03 15:45:13,504 - train - INFO - sensitivity_w4a4:24.271329879760742
2024-09-03 15:45:13,534 - train - INFO - sensitivity_w4a5:21.89203643798828
2024-09-03 15:45:13,564 - train - INFO - sensitivity_w4a6:17.30575180053711
2024-09-03 15:45:13,565 - train - INFO - latency_accumulation_b6:42.17000198364258
2024-09-03 15:45:13,566 - train - INFO - latency_accumulation_b7:42.17000198364258
2024-09-03 15:45:13,567 - train - INFO - latency_accumulation_b8:42.17000198364258
2024-09-03 15:45:13,569 - train - INFO - latency_accumulation_b9:54.560001373291016
2024-09-03 15:45:13,570 - train - INFO - latency_accumulation_b10:54.560001373291016
2024-09-03 15:45:13,571 - train - INFO - latency_accumulation_b11:54.56000518798828
2024-09-03 15:45:13,572 - train - INFO - latency_accumulation_b12:54.56000518798828
2024-09-03 15:45:13,574 - train - INFO - latency_accumulation_b13:54.56000518798828
2024-09-03 15:45:13,575 - train - INFO - latency_accumulation_b14:81.84000396728516
2024-09-03 15:45:13,576 - train - INFO - latency_accumulation_b15:81.84000396728516
2024-09-03 15:45:13,578 - train - INFO - latency_accumulation_b16:81.84000396728516
2024-09-03 15:45:13,579 - train - INFO - latency_accumulation_b17:81.84000396728516
2024-09-03 15:45:13,580 - train - INFO - latency_accumulation_b18:130.010009765625
2024-09-03 15:45:13,581 - train - INFO - latency_accumulation_b19:130.010009765625
2024-09-03 15:45:13,582 - train - INFO - latency_accumulation_b20:130.010009765625
2024-09-03 15:45:13,583 - train - INFO - latency_accumulation_b21:130.010009765625
2024-09-03 15:45:13,583 - train - INFO - latency_accumulation_b22:130.010009765625
2024-09-03 15:45:13,584 - train - INFO - latency_accumulation_b23:130.010009765625
2024-09-03 15:45:13,585 - train - INFO - latency_accumulation_b24:130.010009765625
2024-09-03 15:45:13,586 - train - INFO - latency_accumulation_b25:130.010009765625
2024-09-03 15:45:13,587 - train - INFO - latency_accumulation_b26:130.010009765625
2024-09-03 15:45:13,703 - train - INFO - sensitivity_w2a2:209.7564697265625
2024-09-03 15:45:13,728 - train - INFO - sensitivity_w2a3:169.40032958984375
2024-09-03 15:45:13,752 - train - INFO - sensitivity_w2a4:151.15121459960938
2024-09-03 15:45:13,775 - train - INFO - sensitivity_w2a5:146.86676025390625
2024-09-03 15:45:13,798 - train - INFO - sensitivity_w2a6:148.00375366210938
2024-09-03 15:45:13,822 - train - INFO - sensitivity_w3a2:111.4665298461914
2024-09-03 15:45:13,845 - train - INFO - sensitivity_w3a3:69.75603485107422
2024-09-03 15:45:13,868 - train - INFO - sensitivity_w3a4:47.47807693481445
2024-09-03 15:45:13,892 - train - INFO - sensitivity_w3a5:40.90592575073242
2024-09-03 15:45:13,915 - train - INFO - sensitivity_w3a6:41.16902542114258
2024-09-03 15:45:13,938 - train - INFO - sensitivity_w4a2:85.353759765625
2024-09-03 15:45:13,962 - train - INFO - sensitivity_w4a3:45.293251037597656
2024-09-03 15:45:13,985 - train - INFO - sensitivity_w4a4:23.13721466064453
2024-09-03 15:45:14,008 - train - INFO - sensitivity_w4a5:17.75787353515625
2024-09-03 15:45:14,032 - train - INFO - sensitivity_w4a6:17.104816436767578
2024-09-03 15:45:14,033 - train - INFO - latency_accumulation_b6:75.96500396728516
2024-09-03 15:45:14,034 - train - INFO - latency_accumulation_b7:75.96500396728516
2024-09-03 15:45:14,036 - train - INFO - latency_accumulation_b8:75.96500396728516
2024-09-03 15:45:14,038 - train - INFO - latency_accumulation_b9:125.25833892822266
2024-09-03 15:45:14,040 - train - INFO - latency_accumulation_b10:125.25833892822266
2024-09-03 15:45:14,042 - train - INFO - latency_accumulation_b11:125.25833892822266
2024-09-03 15:45:14,044 - train - INFO - latency_accumulation_b12:125.25833892822266
2024-09-03 15:45:14,047 - train - INFO - latency_accumulation_b13:125.25833892822266
2024-09-03 15:45:14,049 - train - INFO - latency_accumulation_b14:187.88751220703125
2024-09-03 15:45:14,051 - train - INFO - latency_accumulation_b15:187.88751220703125
2024-09-03 15:45:14,053 - train - INFO - latency_accumulation_b16:187.88751220703125
2024-09-03 15:45:14,055 - train - INFO - latency_accumulation_b17:187.88751220703125
2024-09-03 15:45:14,056 - train - INFO - latency_accumulation_b18:178.24000549316406
2024-09-03 15:45:14,057 - train - INFO - latency_accumulation_b19:178.24000549316406
2024-09-03 15:45:14,058 - train - INFO - latency_accumulation_b20:178.24000549316406
2024-09-03 15:45:14,059 - train - INFO - latency_accumulation_b21:178.24000549316406
2024-09-03 15:45:14,060 - train - INFO - latency_accumulation_b22:178.24000549316406
2024-09-03 15:45:14,061 - train - INFO - latency_accumulation_b23:178.24000549316406
2024-09-03 15:45:14,061 - train - INFO - latency_accumulation_b24:178.24000549316406
2024-09-03 15:45:14,062 - train - INFO - latency_accumulation_b25:178.24000549316406
2024-09-03 15:45:14,063 - train - INFO - latency_accumulation_b26:178.24000549316406
2024-09-03 15:45:14,193 - train - INFO - sensitivity_w2a2:342.9290466308594
2024-09-03 15:45:14,210 - train - INFO - sensitivity_w2a3:190.5389404296875
2024-09-03 15:45:14,227 - train - INFO - sensitivity_w2a4:179.38189697265625
2024-09-03 15:45:14,243 - train - INFO - sensitivity_w2a5:155.27313232421875
2024-09-03 15:45:14,260 - train - INFO - sensitivity_w2a6:153.31021118164062
2024-09-03 15:45:14,276 - train - INFO - sensitivity_w3a2:230.75082397460938
2024-09-03 15:45:14,293 - train - INFO - sensitivity_w3a3:78.4334716796875
2024-09-03 15:45:14,309 - train - INFO - sensitivity_w3a4:68.50321960449219
2024-09-03 15:45:14,326 - train - INFO - sensitivity_w3a5:42.54664611816406
2024-09-03 15:45:14,342 - train - INFO - sensitivity_w3a6:42.03015899658203
2024-09-03 15:45:14,359 - train - INFO - sensitivity_w4a2:203.92568969726562
2024-09-03 15:45:14,375 - train - INFO - sensitivity_w4a3:52.95797348022461
2024-09-03 15:45:14,392 - train - INFO - sensitivity_w4a4:43.22637176513672
2024-09-03 15:45:14,408 - train - INFO - sensitivity_w4a5:18.295623779296875
2024-09-03 15:45:14,425 - train - INFO - sensitivity_w4a6:17.56168556213379
2024-09-03 15:45:14,429 - train - INFO - latency_accumulation_b6:55.96625518798828
2024-09-03 15:45:14,433 - train - INFO - latency_accumulation_b7:55.96625518798828
2024-09-03 15:45:14,437 - train - INFO - latency_accumulation_b8:55.96625900268555
2024-09-03 15:45:14,442 - train - INFO - latency_accumulation_b9:60.56000518798828
2024-09-03 15:45:14,447 - train - INFO - latency_accumulation_b10:60.56000518798828
2024-09-03 15:45:14,451 - train - INFO - latency_accumulation_b11:60.56000518798828
2024-09-03 15:45:14,456 - train - INFO - latency_accumulation_b12:60.56000900268555
2024-09-03 15:45:14,461 - train - INFO - latency_accumulation_b13:60.56000900268555
2024-09-03 15:45:14,465 - train - INFO - latency_accumulation_b14:90.84001159667969
2024-09-03 15:45:14,470 - train - INFO - latency_accumulation_b15:90.84001159667969
2024-09-03 15:45:14,475 - train - INFO - latency_accumulation_b16:90.84001159667969
2024-09-03 15:45:14,480 - train - INFO - latency_accumulation_b17:90.84001159667969
2024-09-03 15:45:14,483 - train - INFO - latency_accumulation_b18:139.65000915527344
2024-09-03 15:45:14,486 - train - INFO - latency_accumulation_b19:139.65000915527344
2024-09-03 15:45:14,491 - train - INFO - latency_accumulation_b20:139.65000915527344
2024-09-03 15:45:14,494 - train - INFO - latency_accumulation_b21:139.65000915527344
2024-09-03 15:45:14,497 - train - INFO - latency_accumulation_b22:139.65000915527344
2024-09-03 15:45:14,500 - train - INFO - latency_accumulation_b23:139.65000915527344
2024-09-03 15:45:14,504 - train - INFO - latency_accumulation_b24:139.65000915527344
2024-09-03 15:45:14,507 - train - INFO - latency_accumulation_b25:139.65000915527344
2024-09-03 15:45:14,510 - train - INFO - latency_accumulation_b26:139.65000915527344
2024-09-03 15:45:14,532 - train - INFO - sensitivity_w2a2:218.71722412109375
2024-09-03 15:45:14,549 - train - INFO - sensitivity_w2a3:126.42044067382812
2024-09-03 15:45:14,565 - train - INFO - sensitivity_w2a4:119.30709838867188
2024-09-03 15:45:14,582 - train - INFO - sensitivity_w2a5:112.27943420410156
2024-09-03 15:45:14,598 - train - INFO - sensitivity_w2a6:111.87295532226562
2024-09-03 15:45:14,615 - train - INFO - sensitivity_w3a2:134.34828186035156
2024-09-03 15:45:14,631 - train - INFO - sensitivity_w3a3:42.78977584838867
2024-09-03 15:45:14,648 - train - INFO - sensitivity_w3a4:36.006805419921875
2024-09-03 15:45:14,664 - train - INFO - sensitivity_w3a5:28.837509155273438
2024-09-03 15:45:14,680 - train - INFO - sensitivity_w3a6:27.883384704589844
2024-09-03 15:45:14,697 - train - INFO - sensitivity_w4a2:118.48407745361328
2024-09-03 15:45:14,713 - train - INFO - sensitivity_w4a3:27.463916778564453
2024-09-03 15:45:14,730 - train - INFO - sensitivity_w4a4:20.92861557006836
2024-09-03 15:45:14,746 - train - INFO - sensitivity_w4a5:13.501622200012207
2024-09-03 15:45:14,763 - train - INFO - sensitivity_w4a6:12.357864379882812
2024-09-03 15:45:14,767 - train - INFO - latency_accumulation_b6:55.96625518798828
2024-09-03 15:45:14,771 - train - INFO - latency_accumulation_b7:55.96625518798828
2024-09-03 15:45:14,775 - train - INFO - latency_accumulation_b8:55.96625900268555
2024-09-03 15:45:14,779 - train - INFO - latency_accumulation_b9:60.56000518798828
2024-09-03 15:45:14,784 - train - INFO - latency_accumulation_b10:60.56000518798828
2024-09-03 15:45:14,789 - train - INFO - latency_accumulation_b11:60.56000518798828
2024-09-03 15:45:14,794 - train - INFO - latency_accumulation_b12:60.56000900268555
2024-09-03 15:45:14,798 - train - INFO - latency_accumulation_b13:60.56000900268555
2024-09-03 15:45:14,803 - train - INFO - latency_accumulation_b14:90.84001159667969
2024-09-03 15:45:14,808 - train - INFO - latency_accumulation_b15:90.84001159667969
2024-09-03 15:45:14,812 - train - INFO - latency_accumulation_b16:90.84001159667969
2024-09-03 15:45:14,817 - train - INFO - latency_accumulation_b17:90.84001159667969
2024-09-03 15:45:14,820 - train - INFO - latency_accumulation_b18:139.65000915527344
2024-09-03 15:45:14,823 - train - INFO - latency_accumulation_b19:139.65000915527344
2024-09-03 15:45:14,826 - train - INFO - latency_accumulation_b20:139.65000915527344
2024-09-03 15:45:14,829 - train - INFO - latency_accumulation_b21:139.65000915527344
2024-09-03 15:45:14,833 - train - INFO - latency_accumulation_b22:139.65000915527344
2024-09-03 15:45:14,836 - train - INFO - latency_accumulation_b23:139.65000915527344
2024-09-03 15:45:14,839 - train - INFO - latency_accumulation_b24:139.65000915527344
2024-09-03 15:45:14,842 - train - INFO - latency_accumulation_b25:139.65000915527344
2024-09-03 15:45:14,845 - train - INFO - latency_accumulation_b26:139.65000915527344
2024-09-03 15:45:14,867 - train - INFO - sensitivity_w2a2:142.59840393066406
2024-09-03 15:45:14,884 - train - INFO - sensitivity_w2a3:123.68344116210938
2024-09-03 15:45:14,900 - train - INFO - sensitivity_w2a4:71.36522674560547
2024-09-03 15:45:14,916 - train - INFO - sensitivity_w2a5:69.84147644042969
2024-09-03 15:45:14,933 - train - INFO - sensitivity_w2a6:62.392417907714844
2024-09-03 15:45:14,949 - train - INFO - sensitivity_w3a2:101.01160430908203
2024-09-03 15:45:14,966 - train - INFO - sensitivity_w3a3:82.20095825195312
2024-09-03 15:45:14,982 - train - INFO - sensitivity_w3a4:30.061614990234375
2024-09-03 15:45:14,999 - train - INFO - sensitivity_w3a5:28.50304412841797
2024-09-03 15:45:15,015 - train - INFO - sensitivity_w3a6:20.46654510498047
2024-09-03 15:45:15,032 - train - INFO - sensitivity_w4a2:87.52017211914062
2024-09-03 15:45:15,048 - train - INFO - sensitivity_w4a3:68.80426025390625
2024-09-03 15:45:15,065 - train - INFO - sensitivity_w4a4:16.149662017822266
2024-09-03 15:45:15,081 - train - INFO - sensitivity_w4a5:14.972365379333496
2024-09-03 15:45:15,098 - train - INFO - sensitivity_w4a6:7.907059669494629
2024-09-03 15:45:15,102 - train - INFO - latency_accumulation_b6:55.96625518798828
2024-09-03 15:45:15,106 - train - INFO - latency_accumulation_b7:55.96625518798828
2024-09-03 15:45:15,110 - train - INFO - latency_accumulation_b8:55.96625900268555
2024-09-03 15:45:15,114 - train - INFO - latency_accumulation_b9:60.56000518798828
2024-09-03 15:45:15,119 - train - INFO - latency_accumulation_b10:60.56000518798828
2024-09-03 15:45:15,124 - train - INFO - latency_accumulation_b11:60.56000518798828
2024-09-03 15:45:15,129 - train - INFO - latency_accumulation_b12:60.56000900268555
2024-09-03 15:45:15,133 - train - INFO - latency_accumulation_b13:60.56000900268555
2024-09-03 15:45:15,138 - train - INFO - latency_accumulation_b14:90.84001159667969
2024-09-03 15:45:15,143 - train - INFO - latency_accumulation_b15:90.84001159667969
2024-09-03 15:45:15,147 - train - INFO - latency_accumulation_b16:90.84001159667969
2024-09-03 15:45:15,152 - train - INFO - latency_accumulation_b17:90.84001159667969
2024-09-03 15:45:15,155 - train - INFO - latency_accumulation_b18:139.65000915527344
2024-09-03 15:45:15,159 - train - INFO - latency_accumulation_b19:139.65000915527344
2024-09-03 15:45:15,162 - train - INFO - latency_accumulation_b20:139.65000915527344
2024-09-03 15:45:15,165 - train - INFO - latency_accumulation_b21:139.65000915527344
2024-09-03 15:45:15,168 - train - INFO - latency_accumulation_b22:139.65000915527344
2024-09-03 15:45:15,171 - train - INFO - latency_accumulation_b23:139.65000915527344
2024-09-03 15:45:15,174 - train - INFO - latency_accumulation_b24:139.65000915527344
2024-09-03 15:45:15,177 - train - INFO - latency_accumulation_b25:139.65000915527344
2024-09-03 15:45:15,181 - train - INFO - latency_accumulation_b26:139.65000915527344
2024-09-03 15:45:15,254 - train - INFO - sensitivity_w2a2:198.62432861328125
2024-09-03 15:45:15,269 - train - INFO - sensitivity_w2a3:164.78005981445312
2024-09-03 15:45:15,282 - train - INFO - sensitivity_w2a4:131.78839111328125
2024-09-03 15:45:15,295 - train - INFO - sensitivity_w2a5:125.34268951416016
2024-09-03 15:45:15,309 - train - INFO - sensitivity_w2a6:125.48345947265625
2024-09-03 15:45:15,322 - train - INFO - sensitivity_w3a2:109.0682373046875
2024-09-03 15:45:15,335 - train - INFO - sensitivity_w3a3:75.32005310058594
2024-09-03 15:45:15,349 - train - INFO - sensitivity_w3a4:40.53185272216797
2024-09-03 15:45:15,364 - train - INFO - sensitivity_w3a5:37.239437103271484
2024-09-03 15:45:15,378 - train - INFO - sensitivity_w3a6:36.63875198364258
2024-09-03 15:45:15,391 - train - INFO - sensitivity_w4a2:83.41551971435547
2024-09-03 15:45:15,404 - train - INFO - sensitivity_w4a3:50.370933532714844
2024-09-03 15:45:15,418 - train - INFO - sensitivity_w4a4:15.621646881103516
2024-09-03 15:45:15,431 - train - INFO - sensitivity_w4a5:13.162656784057617
2024-09-03 15:45:15,444 - train - INFO - sensitivity_w4a6:12.64532470703125
2024-09-03 15:45:15,449 - train - INFO - latency_accumulation_b6:82.65250396728516
2024-09-03 15:45:15,455 - train - INFO - latency_accumulation_b7:82.65250396728516
2024-09-03 15:45:15,460 - train - INFO - latency_accumulation_b8:82.65251159667969
2024-09-03 15:45:15,466 - train - INFO - latency_accumulation_b9:139.65000915527344
2024-09-03 15:45:15,473 - train - INFO - latency_accumulation_b10:139.65000915527344
2024-09-03 15:45:15,480 - train - INFO - latency_accumulation_b11:139.65000915527344
2024-09-03 15:45:15,487 - train - INFO - latency_accumulation_b12:139.65000915527344
2024-09-03 15:45:15,494 - train - INFO - latency_accumulation_b13:139.65000915527344
2024-09-03 15:45:15,501 - train - INFO - latency_accumulation_b14:209.47500610351562
2024-09-03 15:45:15,508 - train - INFO - latency_accumulation_b15:209.4750213623047
2024-09-03 15:45:15,515 - train - INFO - latency_accumulation_b16:209.4750213623047
2024-09-03 15:45:15,522 - train - INFO - latency_accumulation_b17:209.4750213623047
2024-09-03 15:45:15,525 - train - INFO - latency_accumulation_b18:190.24000549316406
2024-09-03 15:45:15,528 - train - INFO - latency_accumulation_b19:190.24000549316406
2024-09-03 15:45:15,531 - train - INFO - latency_accumulation_b20:190.24000549316406
2024-09-03 15:45:15,534 - train - INFO - latency_accumulation_b21:190.24000549316406
2024-09-03 15:45:15,537 - train - INFO - latency_accumulation_b22:190.24002075195312
2024-09-03 15:45:15,541 - train - INFO - latency_accumulation_b23:190.24002075195312
2024-09-03 15:45:15,544 - train - INFO - latency_accumulation_b24:190.24002075195312
2024-09-03 15:45:15,547 - train - INFO - latency_accumulation_b25:190.24002075195312
2024-09-03 15:45:15,550 - train - INFO - latency_accumulation_b26:190.24002075195312
2024-09-03 15:45:15,644 - train - INFO - sensitivity_w2a2:290.8326416015625
2024-09-03 15:45:15,655 - train - INFO - sensitivity_w2a3:178.44509887695312
2024-09-03 15:45:15,665 - train - INFO - sensitivity_w2a4:172.15589904785156
2024-09-03 15:45:15,676 - train - INFO - sensitivity_w2a5:169.13763427734375
2024-09-03 15:45:15,686 - train - INFO - sensitivity_w2a6:152.279052734375
2024-09-03 15:45:15,696 - train - INFO - sensitivity_w3a2:186.53280639648438
2024-09-03 15:45:15,707 - train - INFO - sensitivity_w3a3:68.91981506347656
2024-09-03 15:45:15,717 - train - INFO - sensitivity_w3a4:61.00601577758789
2024-09-03 15:45:15,728 - train - INFO - sensitivity_w3a5:58.47669982910156
2024-09-03 15:45:15,738 - train - INFO - sensitivity_w3a6:42.189476013183594
2024-09-03 15:45:15,748 - train - INFO - sensitivity_w4a2:157.59564208984375
2024-09-03 15:45:15,759 - train - INFO - sensitivity_w4a3:39.91452407836914
2024-09-03 15:45:15,769 - train - INFO - sensitivity_w4a4:31.906217575073242
2024-09-03 15:45:15,780 - train - INFO - sensitivity_w4a5:29.0183048248291
2024-09-03 15:45:15,790 - train - INFO - sensitivity_w4a6:12.061386108398438
2024-09-03 15:45:15,805 - train - INFO - latency_accumulation_b6:64.56001281738281
2024-09-03 15:45:15,821 - train - INFO - latency_accumulation_b7:64.56002044677734
2024-09-03 15:45:15,836 - train - INFO - latency_accumulation_b8:64.56002044677734
2024-09-03 15:45:15,854 - train - INFO - latency_accumulation_b9:63.56001281738281
2024-09-03 15:45:15,873 - train - INFO - latency_accumulation_b10:63.56001281738281
2024-09-03 15:45:15,891 - train - INFO - latency_accumulation_b11:63.56001281738281
2024-09-03 15:45:15,910 - train - INFO - latency_accumulation_b12:63.56001281738281
2024-09-03 15:45:15,928 - train - INFO - latency_accumulation_b13:63.56001663208008
2024-09-03 15:45:15,946 - train - INFO - latency_accumulation_b14:95.34001922607422
2024-09-03 15:45:15,965 - train - INFO - latency_accumulation_b15:95.34001922607422
2024-09-03 15:45:15,983 - train - INFO - latency_accumulation_b16:95.34001922607422
2024-09-03 15:45:16,002 - train - INFO - latency_accumulation_b17:95.34001922607422
2024-09-03 15:45:16,014 - train - INFO - latency_accumulation_b18:189.32907104492188
2024-09-03 15:45:16,026 - train - INFO - latency_accumulation_b19:189.32907104492188
2024-09-03 15:45:16,038 - train - INFO - latency_accumulation_b20:189.32907104492188
2024-09-03 15:45:16,050 - train - INFO - latency_accumulation_b21:189.32907104492188
2024-09-03 15:45:16,062 - train - INFO - latency_accumulation_b22:189.32907104492188
2024-09-03 15:45:16,074 - train - INFO - latency_accumulation_b23:189.32907104492188
2024-09-03 15:45:16,088 - train - INFO - latency_accumulation_b24:189.32907104492188
2024-09-03 15:45:16,101 - train - INFO - latency_accumulation_b25:189.32908630371094
2024-09-03 15:45:16,113 - train - INFO - latency_accumulation_b26:189.32908630371094
2024-09-03 15:45:16,143 - train - INFO - sensitivity_w2a2:231.53909301757812
2024-09-03 15:45:16,153 - train - INFO - sensitivity_w2a3:202.82723999023438
2024-09-03 15:45:16,164 - train - INFO - sensitivity_w2a4:135.60137939453125
2024-09-03 15:45:16,174 - train - INFO - sensitivity_w2a5:131.71041870117188
2024-09-03 15:45:16,185 - train - INFO - sensitivity_w2a6:125.23920440673828
2024-09-03 15:45:16,195 - train - INFO - sensitivity_w3a2:141.45916748046875
2024-09-03 15:45:16,205 - train - INFO - sensitivity_w3a3:111.941162109375
2024-09-03 15:45:16,216 - train - INFO - sensitivity_w3a4:43.49840545654297
2024-09-03 15:45:16,226 - train - INFO - sensitivity_w3a5:41.92498779296875
2024-09-03 15:45:16,237 - train - INFO - sensitivity_w3a6:35.48207092285156
2024-09-03 15:45:16,247 - train - INFO - sensitivity_w4a2:116.56777954101562
2024-09-03 15:45:16,257 - train - INFO - sensitivity_w4a3:87.61319732666016
2024-09-03 15:45:16,268 - train - INFO - sensitivity_w4a4:18.92620086669922
2024-09-03 15:45:16,278 - train - INFO - sensitivity_w4a5:17.20599365234375
2024-09-03 15:45:16,289 - train - INFO - sensitivity_w4a6:10.680828094482422
2024-09-03 15:45:16,304 - train - INFO - latency_accumulation_b6:64.56001281738281
2024-09-03 15:45:16,319 - train - INFO - latency_accumulation_b7:64.56002044677734
2024-09-03 15:45:16,334 - train - INFO - latency_accumulation_b8:64.56002044677734
2024-09-03 15:45:16,352 - train - INFO - latency_accumulation_b9:63.56001281738281
2024-09-03 15:45:16,371 - train - INFO - latency_accumulation_b10:63.56001281738281
2024-09-03 15:45:16,389 - train - INFO - latency_accumulation_b11:63.56001281738281
2024-09-03 15:45:16,407 - train - INFO - latency_accumulation_b12:63.56001281738281
2024-09-03 15:45:16,425 - train - INFO - latency_accumulation_b13:63.56001663208008
2024-09-03 15:45:16,443 - train - INFO - latency_accumulation_b14:95.34001922607422
2024-09-03 15:45:16,462 - train - INFO - latency_accumulation_b15:95.34001922607422
2024-09-03 15:45:16,481 - train - INFO - latency_accumulation_b16:95.34001922607422
2024-09-03 15:45:16,499 - train - INFO - latency_accumulation_b17:95.34001922607422
2024-09-03 15:45:16,512 - train - INFO - latency_accumulation_b18:189.32907104492188
2024-09-03 15:45:16,524 - train - INFO - latency_accumulation_b19:189.32907104492188
2024-09-03 15:45:16,536 - train - INFO - latency_accumulation_b20:189.32907104492188
2024-09-03 15:45:16,548 - train - INFO - latency_accumulation_b21:189.32907104492188
2024-09-03 15:45:16,560 - train - INFO - latency_accumulation_b22:189.32907104492188
2024-09-03 15:45:16,572 - train - INFO - latency_accumulation_b23:189.32907104492188
2024-09-03 15:45:16,584 - train - INFO - latency_accumulation_b24:189.32907104492188
2024-09-03 15:45:16,597 - train - INFO - latency_accumulation_b25:189.32908630371094
2024-09-03 15:45:16,609 - train - INFO - latency_accumulation_b26:189.32908630371094
2024-09-03 15:45:16,639 - train - INFO - sensitivity_w2a2:190.27496337890625
2024-09-03 15:45:16,649 - train - INFO - sensitivity_w2a3:166.23495483398438
2024-09-03 15:45:16,660 - train - INFO - sensitivity_w2a4:156.85906982421875
2024-09-03 15:45:16,670 - train - INFO - sensitivity_w2a5:97.40190124511719
2024-09-03 15:45:16,681 - train - INFO - sensitivity_w2a6:97.18446350097656
2024-09-03 15:45:16,691 - train - INFO - sensitivity_w3a2:128.29296875
2024-09-03 15:45:16,701 - train - INFO - sensitivity_w3a3:104.55005645751953
2024-09-03 15:45:16,712 - train - INFO - sensitivity_w3a4:95.45221710205078
2024-09-03 15:45:16,722 - train - INFO - sensitivity_w3a5:34.202186584472656
2024-09-03 15:45:16,733 - train - INFO - sensitivity_w3a6:32.78816223144531
2024-09-03 15:45:16,743 - train - INFO - sensitivity_w4a2:119.30807495117188
2024-09-03 15:45:16,753 - train - INFO - sensitivity_w4a3:95.9086685180664
2024-09-03 15:45:16,764 - train - INFO - sensitivity_w4a4:86.72884368896484
2024-09-03 15:45:16,774 - train - INFO - sensitivity_w4a5:25.305282592773438
2024-09-03 15:45:16,785 - train - INFO - sensitivity_w4a6:24.489593505859375
2024-09-03 15:45:16,801 - train - INFO - latency_accumulation_b6:64.56001281738281
2024-09-03 15:45:16,817 - train - INFO - latency_accumulation_b7:64.56002044677734
2024-09-03 15:45:16,832 - train - INFO - latency_accumulation_b8:64.56002044677734
2024-09-03 15:45:16,850 - train - INFO - latency_accumulation_b9:63.56001281738281
2024-09-03 15:45:16,869 - train - INFO - latency_accumulation_b10:63.56001281738281
2024-09-03 15:45:16,887 - train - INFO - latency_accumulation_b11:63.56001281738281
2024-09-03 15:45:16,906 - train - INFO - latency_accumulation_b12:63.56001281738281
2024-09-03 15:45:16,924 - train - INFO - latency_accumulation_b13:63.56001663208008
2024-09-03 15:45:16,942 - train - INFO - latency_accumulation_b14:95.34001922607422
2024-09-03 15:45:16,960 - train - INFO - latency_accumulation_b15:95.34001922607422
2024-09-03 15:45:16,979 - train - INFO - latency_accumulation_b16:95.34001922607422
2024-09-03 15:45:16,997 - train - INFO - latency_accumulation_b17:95.34001922607422
2024-09-03 15:45:17,009 - train - INFO - latency_accumulation_b18:189.32907104492188
2024-09-03 15:45:17,021 - train - INFO - latency_accumulation_b19:189.32907104492188
2024-09-03 15:45:17,034 - train - INFO - latency_accumulation_b20:189.32907104492188
2024-09-03 15:45:17,046 - train - INFO - latency_accumulation_b21:189.32907104492188
2024-09-03 15:45:17,058 - train - INFO - latency_accumulation_b22:189.32907104492188
2024-09-03 15:45:17,070 - train - INFO - latency_accumulation_b23:189.32907104492188
2024-09-03 15:45:17,083 - train - INFO - latency_accumulation_b24:189.32907104492188
2024-09-03 15:45:17,095 - train - INFO - latency_accumulation_b25:189.32908630371094
2024-09-03 15:45:17,107 - train - INFO - latency_accumulation_b26:189.32908630371094
2024-09-03 15:45:17,200 - train - INFO - sensitivity_w2a2:459.2336730957031
2024-09-03 15:45:17,208 - train - INFO - sensitivity_w2a3:227.198974609375
2024-09-03 15:45:17,216 - train - INFO - sensitivity_w2a4:211.36117553710938
2024-09-03 15:45:17,225 - train - INFO - sensitivity_w2a5:170.39254760742188
2024-09-03 15:45:17,233 - train - INFO - sensitivity_w2a6:169.58604431152344
2024-09-03 15:45:17,241 - train - INFO - sensitivity_w3a2:334.46539306640625
2024-09-03 15:45:17,249 - train - INFO - sensitivity_w3a3:106.02861022949219
2024-09-03 15:45:17,258 - train - INFO - sensitivity_w3a4:88.28474426269531
2024-09-03 15:45:17,266 - train - INFO - sensitivity_w3a5:43.991127014160156
2024-09-03 15:45:17,274 - train - INFO - sensitivity_w3a6:41.404136657714844
2024-09-03 15:45:17,282 - train - INFO - sensitivity_w4a2:317.3917541503906
2024-09-03 15:45:17,291 - train - INFO - sensitivity_w4a3:86.7207260131836
2024-09-03 15:45:17,299 - train - INFO - sensitivity_w4a4:71.4073486328125
2024-09-03 15:45:17,307 - train - INFO - sensitivity_w4a5:30.18096160888672
2024-09-03 15:45:17,315 - train - INFO - sensitivity_w4a6:28.965225219726562
2024-09-03 15:45:17,335 - train - INFO - latency_accumulation_b6:117.61351776123047
2024-09-03 15:45:17,354 - train - INFO - latency_accumulation_b7:117.61351776123047
2024-09-03 15:45:17,373 - train - INFO - latency_accumulation_b8:117.613525390625
2024-09-03 15:45:17,401 - train - INFO - latency_accumulation_b9:189.32907104492188
2024-09-03 15:45:17,428 - train - INFO - latency_accumulation_b10:189.32907104492188
2024-09-03 15:45:17,455 - train - INFO - latency_accumulation_b11:189.32907104492188
2024-09-03 15:45:17,485 - train - INFO - latency_accumulation_b12:189.32907104492188
2024-09-03 15:45:17,513 - train - INFO - latency_accumulation_b13:189.32908630371094
2024-09-03 15:45:17,540 - train - INFO - latency_accumulation_b14:283.9936218261719
2024-09-03 15:45:17,568 - train - INFO - latency_accumulation_b15:283.9936218261719
2024-09-03 15:45:17,596 - train - INFO - latency_accumulation_b16:283.9936218261719
2024-09-03 15:45:17,624 - train - INFO - latency_accumulation_b17:283.9936218261719
2024-09-03 15:45:17,636 - train - INFO - latency_accumulation_b18:196.24002075195312
2024-09-03 15:45:17,648 - train - INFO - latency_accumulation_b19:196.24002075195312
2024-09-03 15:45:17,661 - train - INFO - latency_accumulation_b20:196.24002075195312
2024-09-03 15:45:17,673 - train - INFO - latency_accumulation_b21:196.24002075195312
2024-09-03 15:45:17,685 - train - INFO - latency_accumulation_b22:196.24002075195312
2024-09-03 15:45:17,697 - train - INFO - latency_accumulation_b23:196.24002075195312
2024-09-03 15:45:17,709 - train - INFO - latency_accumulation_b24:196.2400360107422
2024-09-03 15:45:17,722 - train - INFO - latency_accumulation_b25:196.2400360107422
2024-09-03 15:45:17,734 - train - INFO - latency_accumulation_b26:196.2400360107422
2024-09-03 15:45:17,882 - train - INFO - sensitivity_w2a2:630.4940185546875
2024-09-03 15:45:17,890 - train - INFO - sensitivity_w2a3:419.56060791015625
2024-09-03 15:45:17,898 - train - INFO - sensitivity_w2a4:401.0640563964844
2024-09-03 15:45:17,906 - train - INFO - sensitivity_w2a5:269.52508544921875
2024-09-03 15:45:17,914 - train - INFO - sensitivity_w2a6:264.9902038574219
2024-09-03 15:45:17,922 - train - INFO - sensitivity_w3a2:482.2439880371094
2024-09-03 15:45:17,929 - train - INFO - sensitivity_w3a3:259.4146423339844
2024-09-03 15:45:17,937 - train - INFO - sensitivity_w3a4:239.093994140625
2024-09-03 15:45:17,945 - train - INFO - sensitivity_w3a5:99.3498306274414
2024-09-03 15:45:17,953 - train - INFO - sensitivity_w3a6:99.86131286621094
2024-09-03 15:45:17,961 - train - INFO - sensitivity_w4a2:436.897216796875
2024-09-03 15:45:17,969 - train - INFO - sensitivity_w4a3:213.71726989746094
2024-09-03 15:45:17,976 - train - INFO - sensitivity_w4a4:193.47677612304688
2024-09-03 15:45:17,984 - train - INFO - sensitivity_w4a5:51.659088134765625
2024-09-03 15:45:17,992 - train - INFO - sensitivity_w4a6:50.05259704589844
2024-09-03 15:45:18,054 - train - INFO - latency_accumulation_b6:111.2082748413086
2024-09-03 15:45:18,115 - train - INFO - latency_accumulation_b7:111.20828247070312
2024-09-03 15:45:18,179 - train - INFO - latency_accumulation_b8:111.20829010009766
2024-09-03 15:45:18,253 - train - INFO - latency_accumulation_b9:114.12004852294922
2024-09-03 15:45:18,326 - train - INFO - latency_accumulation_b10:114.12004852294922
2024-09-03 15:45:18,400 - train - INFO - latency_accumulation_b11:114.12005615234375
2024-09-03 15:45:18,473 - train - INFO - latency_accumulation_b12:114.12005615234375
2024-09-03 15:45:18,552 - train - INFO - latency_accumulation_b13:114.12006378173828
2024-09-03 15:45:18,634 - train - INFO - latency_accumulation_b14:171.18006896972656
2024-09-03 15:45:18,708 - train - INFO - latency_accumulation_b15:171.18006896972656
2024-09-03 15:45:18,781 - train - INFO - latency_accumulation_b16:171.18006896972656
2024-09-03 15:45:18,854 - train - INFO - latency_accumulation_b17:171.18008422851562
2024-09-03 15:45:18,906 - train - INFO - latency_accumulation_b18:316.74993896484375
2024-09-03 15:45:18,958 - train - INFO - latency_accumulation_b19:316.74993896484375
2024-09-03 15:45:19,009 - train - INFO - latency_accumulation_b20:316.74993896484375
2024-09-03 15:45:19,060 - train - INFO - latency_accumulation_b21:316.74993896484375
2024-09-03 15:45:19,112 - train - INFO - latency_accumulation_b22:316.74993896484375
2024-09-03 15:45:19,165 - train - INFO - latency_accumulation_b23:316.7499694824219
2024-09-03 15:45:19,217 - train - INFO - latency_accumulation_b24:316.7499694824219
2024-09-03 15:45:19,268 - train - INFO - latency_accumulation_b25:316.7499694824219
2024-09-03 15:45:19,319 - train - INFO - latency_accumulation_b26:316.7499694824219
2024-09-03 15:45:19,405 - train - INFO - sensitivity_w2a2:491.9320068359375
2024-09-03 15:45:19,412 - train - INFO - sensitivity_w2a3:445.69903564453125
2024-09-03 15:45:19,420 - train - INFO - sensitivity_w2a4:426.57623291015625
2024-09-03 15:45:19,428 - train - INFO - sensitivity_w2a5:252.79617309570312
2024-09-03 15:45:19,435 - train - INFO - sensitivity_w2a6:250.53697204589844
2024-09-03 15:45:19,443 - train - INFO - sensitivity_w3a2:377.7327880859375
2024-09-03 15:45:19,451 - train - INFO - sensitivity_w3a3:333.9695739746094
2024-09-03 15:45:19,459 - train - INFO - sensitivity_w3a4:315.46331787109375
2024-09-03 15:45:19,466 - train - INFO - sensitivity_w3a5:139.23782348632812
2024-09-03 15:45:19,474 - train - INFO - sensitivity_w3a6:135.20782470703125
2024-09-03 15:45:19,482 - train - INFO - sensitivity_w4a2:363.5255126953125
2024-09-03 15:45:19,490 - train - INFO - sensitivity_w4a3:319.37408447265625
2024-09-03 15:45:19,497 - train - INFO - sensitivity_w4a4:300.253662109375
2024-09-03 15:45:19,505 - train - INFO - sensitivity_w4a5:123.06012725830078
2024-09-03 15:45:19,513 - train - INFO - sensitivity_w4a6:119.75238037109375
2024-09-03 15:45:19,575 - train - INFO - latency_accumulation_b6:111.2082748413086
2024-09-03 15:45:19,638 - train - INFO - latency_accumulation_b7:111.20828247070312
2024-09-03 15:45:19,700 - train - INFO - latency_accumulation_b8:111.20829010009766
2024-09-03 15:45:19,791 - train - INFO - latency_accumulation_b9:114.12004852294922
2024-09-03 15:45:19,871 - train - INFO - latency_accumulation_b10:114.12004852294922
2024-09-03 15:45:19,944 - train - INFO - latency_accumulation_b11:114.12005615234375
2024-09-03 15:45:20,020 - train - INFO - latency_accumulation_b12:114.12005615234375
2024-09-03 15:45:20,093 - train - INFO - latency_accumulation_b13:114.12006378173828
2024-09-03 15:45:20,167 - train - INFO - latency_accumulation_b14:171.18006896972656
2024-09-03 15:45:20,240 - train - INFO - latency_accumulation_b15:171.18006896972656
2024-09-03 15:45:20,386 - train - INFO - latency_accumulation_b16:171.18006896972656
2024-09-03 15:45:20,511 - train - INFO - latency_accumulation_b17:171.18008422851562
2024-09-03 15:45:20,598 - train - INFO - latency_accumulation_b18:316.74993896484375
2024-09-03 15:45:20,685 - train - INFO - latency_accumulation_b19:316.74993896484375
2024-09-03 15:45:20,772 - train - INFO - latency_accumulation_b20:316.74993896484375
2024-09-03 15:45:20,858 - train - INFO - latency_accumulation_b21:316.74993896484375
2024-09-03 15:45:20,954 - train - INFO - latency_accumulation_b22:316.74993896484375
2024-09-03 15:45:21,060 - train - INFO - latency_accumulation_b23:316.7499694824219
2024-09-03 15:45:21,149 - train - INFO - latency_accumulation_b24:316.7499694824219
2024-09-03 15:45:21,236 - train - INFO - latency_accumulation_b25:316.7499694824219
2024-09-03 15:45:21,323 - train - INFO - latency_accumulation_b26:316.7499694824219
2024-09-03 15:45:21,463 - train - INFO - sensitivity_w2a2:87.29313659667969
2024-09-03 15:45:21,472 - train - INFO - sensitivity_w2a3:80.39564514160156
2024-09-03 15:45:21,481 - train - INFO - sensitivity_w2a4:44.6937255859375
2024-09-03 15:45:21,490 - train - INFO - sensitivity_w2a5:43.269683837890625
2024-09-03 15:45:21,498 - train - INFO - sensitivity_w2a6:21.563879013061523
2024-09-03 15:45:21,507 - train - INFO - sensitivity_w3a2:78.8831787109375
2024-09-03 15:45:21,516 - train - INFO - sensitivity_w3a3:72.06684112548828
2024-09-03 15:45:21,525 - train - INFO - sensitivity_w3a4:34.677955627441406
2024-09-03 15:45:21,533 - train - INFO - sensitivity_w3a5:32.96862030029297
2024-09-03 15:45:21,542 - train - INFO - sensitivity_w3a6:10.740774154663086
2024-09-03 15:45:21,551 - train - INFO - sensitivity_w4a2:75.33491516113281
2024-09-03 15:45:21,559 - train - INFO - sensitivity_w4a3:67.956787109375
2024-09-03 15:45:21,568 - train - INFO - sensitivity_w4a4:30.03980255126953
2024-09-03 15:45:21,577 - train - INFO - sensitivity_w4a5:28.493385314941406
2024-09-03 15:45:21,586 - train - INFO - sensitivity_w4a6:6.664723873138428
2024-09-03 15:45:21,692 - train - INFO - latency_accumulation_b6:111.2082748413086
2024-09-03 15:45:21,788 - train - INFO - latency_accumulation_b7:111.20828247070312
2024-09-03 15:45:21,860 - train - INFO - latency_accumulation_b8:111.20829010009766
2024-09-03 15:45:21,935 - train - INFO - latency_accumulation_b9:114.12004852294922
2024-09-03 15:45:22,009 - train - INFO - latency_accumulation_b10:114.12004852294922
2024-09-03 15:45:22,144 - train - INFO - latency_accumulation_b11:114.12005615234375
2024-09-03 15:45:22,276 - train - INFO - latency_accumulation_b12:114.12005615234375
2024-09-03 15:45:22,407 - train - INFO - latency_accumulation_b13:114.12006378173828
2024-09-03 15:45:22,515 - train - INFO - latency_accumulation_b14:171.18006896972656
2024-09-03 15:45:22,589 - train - INFO - latency_accumulation_b15:171.18006896972656
2024-09-03 15:45:22,662 - train - INFO - latency_accumulation_b16:171.18006896972656
2024-09-03 15:45:22,737 - train - INFO - latency_accumulation_b17:171.18008422851562
2024-09-03 15:45:22,788 - train - INFO - latency_accumulation_b18:316.74993896484375
2024-09-03 15:45:22,840 - train - INFO - latency_accumulation_b19:316.74993896484375
2024-09-03 15:45:22,892 - train - INFO - latency_accumulation_b20:316.74993896484375
2024-09-03 15:45:22,947 - train - INFO - latency_accumulation_b21:316.74993896484375
2024-09-03 15:45:22,998 - train - INFO - latency_accumulation_b22:316.74993896484375
2024-09-03 15:45:23,050 - train - INFO - latency_accumulation_b23:316.7499694824219
2024-09-03 15:45:23,102 - train - INFO - latency_accumulation_b24:316.7499694824219
2024-09-03 15:45:23,153 - train - INFO - latency_accumulation_b25:316.7499694824219
2024-09-03 15:45:23,204 - train - INFO - latency_accumulation_b26:316.7499694824219
2024-09-03 15:45:23,205 - train - INFO - origin_latency:1909.0472869873047
2024-09-03 15:45:23,205 - train - INFO - cir_idx:[0, 1, 2, 3, 4, 5, 6, 7, 8, 9, 10, 11, 12, 13, 14, 15]
2024-09-03 15:45:23,503 - train - INFO - 16
2024-09-03 15:45:23,504 - train - INFO - target: w3a3
2024-09-03 15:45:23,504 - train - INFO - bw_result:[4, 4, 4, 4, 3, 4, 4, 3, 4, 4, 4, 3, 4, 4, 2, 4]
2024-09-03 15:45:23,504 - train - INFO - ba_result:[6, 6, 6, 6, 3, 5, 5, 2, 6, 4, 4, 5, 6, 3, 5, 4]
2024-09-03 15:45:23,504 - train - INFO - acc_result:[17, 17, 17, 17, 13, 17, 17, 13, 18, 17, 17, 17, 19, 17, 17, 17]
